{"message":"couldn't read src/bin/../input.txt: No such file or directory (os error 2)","code":null,"level":"error","spans":[{"file_name":"src/bin/part1.rs","byte_start":27,"byte_end":55,"line_start":2,"line_end":2,"column_start":16,"column_end":44,"is_primary":true,"text":[{"text":"   let input = include_str!(\"../input.txt\");","highlight_start":16,"highlight_end":44}],"label":null,"suggested_replacement":null,"suggestion_applicability":null,"expansion":{"span":{"file_name":"src/bin/part1.rs","byte_start":27,"byte_end":55,"line_start":2,"line_end":2,"column_start":16,"column_end":44,"is_primary":false,"text":[{"text":"   let input = include_str!(\"../input.txt\");","highlight_start":16,"highlight_end":44}],"label":null,"suggested_replacement":null,"suggestion_applicability":null,"expansion":null},"macro_decl_name":"include_str!","def_site_span":{"file_name":"/Users/patricedouge/.rustup/toolchains/stable-aarch64-apple-darwin/lib/rustlib/src/rust/library/core/src/macros/mod.rs","byte_start":44810,"byte_end":44834,"line_start":1302,"line_end":1302,"column_start":5,"column_end":29,"is_primary":false,"text":[{"text":"    macro_rules! include_str {","highlight_start":5,"highlight_end":29}],"label":null,"suggested_replacement":null,"suggestion_applicability":null,"expansion":null}}}],"children":[],"rendered":"\u001b[0m\u001b[1m\u001b[38;5;9merror\u001b[0m\u001b[0m\u001b[1m: couldn't read src/bin/../input.txt: No such file or directory (os error 2)\u001b[0m\n\u001b[0m \u001b[0m\u001b[0m\u001b[1m\u001b[38;5;12m--> \u001b[0m\u001b[0msrc/bin/part1.rs:2:16\u001b[0m\n\u001b[0m  \u001b[0m\u001b[0m\u001b[1m\u001b[38;5;12m|\u001b[0m\n\u001b[0m\u001b[1m\u001b[38;5;12m2\u001b[0m\u001b[0m \u001b[0m\u001b[0m\u001b[1m\u001b[38;5;12m|\u001b[0m\u001b[0m \u001b[0m\u001b[0m   let input = include_str!(\"../input.txt\");\u001b[0m\n\u001b[0m  \u001b[0m\u001b[0m\u001b[1m\u001b[38;5;12m| \u001b[0m\u001b[0m               \u001b[0m\u001b[0m\u001b[1m\u001b[38;5;9m^^^^^^^^^^^^^^^^^^^^^^^^^^^^\u001b[0m\n\u001b[0m  \u001b[0m\u001b[0m\u001b[1m\u001b[38;5;12m|\u001b[0m\n\u001b[0m  \u001b[0m\u001b[0m\u001b[1m\u001b[38;5;12m= \u001b[0m\u001b[0m\u001b[1mnote\u001b[0m\u001b[0m: this error originates in the macro `include_str` (in Nightly builds, run with -Z macro-backtrace for more info)\u001b[0m\n\n"}
{"message":"mismatched types","code":{"code":"E0308","explanation":"Expected type did not match the received type.\n\nErroneous code examples:\n\n```compile_fail,E0308\nfn plus_one(x: i32) -> i32 {\n    x + 1\n}\n\nplus_one(\"Not a number\");\n//       ^^^^^^^^^^^^^^ expected `i32`, found `&str`\n\nif \"Not a bool\" {\n// ^^^^^^^^^^^^ expected `bool`, found `&str`\n}\n\nlet x: f32 = \"Not a float\";\n//     ---   ^^^^^^^^^^^^^ expected `f32`, found `&str`\n//     |\n//     expected due to this\n```\n\nThis error occurs when an expression was used in a place where the compiler\nexpected an expression of a different type. It can occur in several cases, the\nmost common being when calling a function and passing an argument which has a\ndifferent type than the matching type in the function declaration.\n"},"level":"error","spans":[{"file_name":"src/bin/part1.rs","byte_start":146,"byte_end":152,"line_start":7,"line_end":7,"column_start":28,"column_end":34,"is_primary":true,"text":[{"text":"fn process(input: &str) -> String {","highlight_start":28,"highlight_end":34}],"label":"expected `String`, found `()`","suggested_replacement":null,"suggestion_applicability":null,"expansion":null},{"file_name":"src/bin/part1.rs","byte_start":122,"byte_end":129,"line_start":7,"line_end":7,"column_start":4,"column_end":11,"is_primary":false,"text":[{"text":"fn process(input: &str) -> String {","highlight_start":4,"highlight_end":11}],"label":"implicitly returns `()` as its body has no tail or `return` expression","suggested_replacement":null,"suggestion_applicability":null,"expansion":null}],"children":[{"message":"remove this semicolon to return this value","code":null,"level":"help","spans":[{"file_name":"src/bin/part1.rs","byte_start":176,"byte_end":177,"line_start":8,"line_end":8,"column_start":22,"column_end":23,"is_primary":true,"text":[{"text":"    \"142\".to_string();","highlight_start":22,"highlight_end":23}],"label":null,"suggested_replacement":"","suggestion_applicability":"MachineApplicable","expansion":null}],"children":[],"rendered":null}],"rendered":"\u001b[0m\u001b[1m\u001b[38;5;9merror[E0308]\u001b[0m\u001b[0m\u001b[1m: mismatched types\u001b[0m\n\u001b[0m \u001b[0m\u001b[0m\u001b[1m\u001b[38;5;12m--> \u001b[0m\u001b[0msrc/bin/part1.rs:7:28\u001b[0m\n\u001b[0m  \u001b[0m\u001b[0m\u001b[1m\u001b[38;5;12m|\u001b[0m\n\u001b[0m\u001b[1m\u001b[38;5;12m7\u001b[0m\u001b[0m \u001b[0m\u001b[0m\u001b[1m\u001b[38;5;12m|\u001b[0m\u001b[0m \u001b[0m\u001b[0mfn process(input: &str) -> String {\u001b[0m\n\u001b[0m  \u001b[0m\u001b[0m\u001b[1m\u001b[38;5;12m| \u001b[0m\u001b[0m   \u001b[0m\u001b[0m\u001b[1m\u001b[38;5;12m-------\u001b[0m\u001b[0m                 \u001b[0m\u001b[0m\u001b[1m\u001b[38;5;9m^^^^^^\u001b[0m\u001b[0m \u001b[0m\u001b[0m\u001b[1m\u001b[38;5;9mexpected `String`, found `()`\u001b[0m\n\u001b[0m  \u001b[0m\u001b[0m\u001b[1m\u001b[38;5;12m| \u001b[0m\u001b[0m   \u001b[0m\u001b[0m\u001b[1m\u001b[38;5;12m|\u001b[0m\n\u001b[0m  \u001b[0m\u001b[0m\u001b[1m\u001b[38;5;12m| \u001b[0m\u001b[0m   \u001b[0m\u001b[0m\u001b[1m\u001b[38;5;12mimplicitly returns `()` as its body has no tail or `return` expression\u001b[0m\n\u001b[0m\u001b[1m\u001b[38;5;12m8\u001b[0m\u001b[0m \u001b[0m\u001b[0m\u001b[1m\u001b[38;5;12m|\u001b[0m\u001b[0m \u001b[0m\u001b[0m    \"142\".to_string();\u001b[0m\n\u001b[0m  \u001b[0m\u001b[0m\u001b[1m\u001b[38;5;12m| \u001b[0m\u001b[0m                     \u001b[0m\u001b[0m\u001b[1m\u001b[38;5;12m-\u001b[0m\u001b[0m \u001b[0m\u001b[0m\u001b[1m\u001b[38;5;12mhelp: remove this semicolon to return this value\u001b[0m\n\n"}
{"message":"the `?` operator can only be applied to values that implement `Try`","code":{"code":"E0277","explanation":"You tried to use a type which doesn't implement some trait in a place which\nexpected that trait.\n\nErroneous code example:\n\n```compile_fail,E0277\n// here we declare the Foo trait with a bar method\ntrait Foo {\n    fn bar(&self);\n}\n\n// we now declare a function which takes an object implementing the Foo trait\nfn some_func<T: Foo>(foo: T) {\n    foo.bar();\n}\n\nfn main() {\n    // we now call the method with the i32 type, which doesn't implement\n    // the Foo trait\n    some_func(5i32); // error: the trait bound `i32 : Foo` is not satisfied\n}\n```\n\nIn order to fix this error, verify that the type you're using does implement\nthe trait. Example:\n\n```\ntrait Foo {\n    fn bar(&self);\n}\n\n// we implement the trait on the i32 type\nimpl Foo for i32 {\n    fn bar(&self) {}\n}\n\nfn some_func<T: Foo>(foo: T) {\n    foo.bar(); // we can now use this method since i32 implements the\n               // Foo trait\n}\n\nfn main() {\n    some_func(5i32); // ok!\n}\n```\n\nOr in a generic context, an erroneous code example would look like:\n\n```compile_fail,E0277\nfn some_func<T>(foo: T) {\n    println!(\"{:?}\", foo); // error: the trait `core::fmt::Debug` is not\n                           //        implemented for the type `T`\n}\n\nfn main() {\n    // We now call the method with the i32 type,\n    // which *does* implement the Debug trait.\n    some_func(5i32);\n}\n```\n\nNote that the error here is in the definition of the generic function. Although\nwe only call it with a parameter that does implement `Debug`, the compiler\nstill rejects the function. It must work with all possible input types. In\norder to make this example compile, we need to restrict the generic type we're\naccepting:\n\n```\nuse std::fmt;\n\n// Restrict the input type to types that implement Debug.\nfn some_func<T: fmt::Debug>(foo: T) {\n    println!(\"{:?}\", foo);\n}\n\nfn main() {\n    // Calling the method is still fine, as i32 implements Debug.\n    some_func(5i32);\n\n    // This would fail to compile now:\n    // struct WithoutDebug;\n    // some_func(WithoutDebug);\n}\n```\n\nRust only looks at the signature of the called function, as such it must\nalready specify all requirements that will be used for every type parameter.\n"},"level":"error","spans":[{"file_name":"src/bin/part1.rs","byte_start":422,"byte_end":437,"line_start":22,"line_end":22,"column_start":27,"column_end":42,"is_primary":true,"text":[{"text":"        assert_eq!(\"142\", process(input)?);","highlight_start":27,"highlight_end":42}],"label":"the `?` operator cannot be applied to type `String`","suggested_replacement":null,"suggestion_applicability":null,"expansion":{"span":{"file_name":"src/bin/part1.rs","byte_start":422,"byte_end":437,"line_start":22,"line_end":22,"column_start":27,"column_end":42,"is_primary":false,"text":[{"text":"        assert_eq!(\"142\", process(input)?);","highlight_start":27,"highlight_end":42}],"label":null,"suggested_replacement":null,"suggestion_applicability":null,"expansion":null},"macro_decl_name":"desugaring of operator `?`","def_site_span":{"file_name":"src/bin/part1.rs","byte_start":0,"byte_end":0,"line_start":1,"line_end":1,"column_start":1,"column_end":1,"is_primary":false,"text":[],"label":null,"suggested_replacement":null,"suggestion_applicability":null,"expansion":null}}}],"children":[{"message":"the trait `Try` is not implemented for `String`","code":null,"level":"help","spans":[],"children":[],"rendered":null}],"rendered":"\u001b[0m\u001b[1m\u001b[38;5;9merror[E0277]\u001b[0m\u001b[0m\u001b[1m: the `?` operator can only be applied to values that implement `Try`\u001b[0m\n\u001b[0m  \u001b[0m\u001b[0m\u001b[1m\u001b[38;5;12m--> \u001b[0m\u001b[0msrc/bin/part1.rs:22:27\u001b[0m\n\u001b[0m   \u001b[0m\u001b[0m\u001b[1m\u001b[38;5;12m|\u001b[0m\n\u001b[0m\u001b[1m\u001b[38;5;12m22\u001b[0m\u001b[0m \u001b[0m\u001b[0m\u001b[1m\u001b[38;5;12m|\u001b[0m\u001b[0m \u001b[0m\u001b[0m        assert_eq!(\"142\", process(input)?);\u001b[0m\n\u001b[0m   \u001b[0m\u001b[0m\u001b[1m\u001b[38;5;12m| \u001b[0m\u001b[0m                          \u001b[0m\u001b[0m\u001b[1m\u001b[38;5;9m^^^^^^^^^^^^^^^\u001b[0m\u001b[0m \u001b[0m\u001b[0m\u001b[1m\u001b[38;5;9mthe `?` operator cannot be applied to type `String`\u001b[0m\n\u001b[0m   \u001b[0m\u001b[0m\u001b[1m\u001b[38;5;12m|\u001b[0m\n\u001b[0m   \u001b[0m\u001b[0m\u001b[1m\u001b[38;5;12m= \u001b[0m\u001b[0m\u001b[1mhelp\u001b[0m\u001b[0m: the trait `Try` is not implemented for `String`\u001b[0m\n\n"}
{"message":"failed to resolve: use of undeclared crate or module `miette`","code":{"code":"E0433","explanation":"An undeclared crate, module, or type was used.\n\nErroneous code example:\n\n```compile_fail,E0433\nlet map = HashMap::new();\n// error: failed to resolve: use of undeclared type `HashMap`\n```\n\nPlease verify you didn't misspell the type/module's name or that you didn't\nforget to import it:\n\n```\nuse std::collections::HashMap; // HashMap has been imported.\nlet map: HashMap<u32, u32> = HashMap::new(); // So it can be used!\n```\n\nIf you've expected to use a crate name:\n\n```compile_fail\nuse ferris_wheel::BigO;\n// error: failed to resolve: use of undeclared crate or module `ferris_wheel`\n```\n\nMake sure the crate has been added as a dependency in `Cargo.toml`.\n\nTo use a module from your current crate, add the `crate::` prefix to the path.\n"},"level":"error","spans":[{"file_name":"src/bin/part1.rs","byte_start":262,"byte_end":268,"line_start":16,"line_end":16,"column_start":26,"column_end":32,"is_primary":true,"text":[{"text":"    fn test_process() -> miette::Result<()> {","highlight_start":26,"highlight_end":32}],"label":"use of undeclared crate or module `miette`","suggested_replacement":null,"suggestion_applicability":null,"expansion":null}],"children":[],"rendered":"\u001b[0m\u001b[1m\u001b[38;5;9merror[E0433]\u001b[0m\u001b[0m\u001b[1m: failed to resolve: use of undeclared crate or module `miette`\u001b[0m\n\u001b[0m  \u001b[0m\u001b[0m\u001b[1m\u001b[38;5;12m--> \u001b[0m\u001b[0msrc/bin/part1.rs:16:26\u001b[0m\n\u001b[0m   \u001b[0m\u001b[0m\u001b[1m\u001b[38;5;12m|\u001b[0m\n\u001b[0m\u001b[1m\u001b[38;5;12m16\u001b[0m\u001b[0m \u001b[0m\u001b[0m\u001b[1m\u001b[38;5;12m|\u001b[0m\u001b[0m \u001b[0m\u001b[0m    fn test_process() -> miette::Result<()> {\u001b[0m\n\u001b[0m   \u001b[0m\u001b[0m\u001b[1m\u001b[38;5;12m| \u001b[0m\u001b[0m                         \u001b[0m\u001b[0m\u001b[1m\u001b[38;5;9m^^^^^^\u001b[0m\u001b[0m \u001b[0m\u001b[0m\u001b[1m\u001b[38;5;9muse of undeclared crate or module `miette`\u001b[0m\n\n"}
{"message":"aborting due to 4 previous errors","code":null,"level":"error","spans":[],"children":[],"rendered":"\u001b[0m\u001b[1m\u001b[38;5;9merror\u001b[0m\u001b[0m\u001b[1m: aborting due to 4 previous errors\u001b[0m\n\n"}
{"message":"Some errors have detailed explanations: E0277, E0308, E0433.","code":null,"level":"failure-note","spans":[],"children":[],"rendered":"\u001b[0m\u001b[1mSome errors have detailed explanations: E0277, E0308, E0433.\u001b[0m\n"}
{"message":"For more information about an error, try `rustc --explain E0277`.","code":null,"level":"failure-note","spans":[],"children":[],"rendered":"\u001b[0m\u001b[1mFor more information about an error, try `rustc --explain E0277`.\u001b[0m\n"}
